This file contains any messages produced by compilers while
running configure, to aid debugging if configure makes a mistake.

It was created by UPPAAL configure 4.1.4 (), which was
generated by GNU Autoconf 2.61.  Invocation command line was

  $ ./configure 

## --------- ##
## Platform. ##
## --------- ##

hostname = srinivas
uname -m = i686
uname -r = 3.16.0-30-generic
uname -s = Linux
uname -v = #40~14.04.1-Ubuntu SMP Thu Jan 15 17:45:15 UTC 2015

/usr/bin/uname -p = unknown
/bin/uname -X     = unknown

/bin/arch              = unknown
/usr/bin/arch -k       = unknown
/usr/convex/getsysinfo = unknown
/usr/bin/hostinfo      = unknown
/bin/machine           = unknown
/usr/bin/oslevel       = unknown
/bin/universe          = unknown

PATH: /usr/local/sbin
PATH: /usr/local/bin
PATH: /usr/sbin
PATH: /usr/bin
PATH: /sbin
PATH: /bin


## ----------- ##
## Core tests. ##
## ----------- ##

configure:1794: checking build system type
configure:1812: result: i686-pc-linux-gnu
configure:1834: checking host system type
configure:1849: result: i686-pc-linux-gnu
configure:1871: checking target system type
configure:1886: result: i686-pc-linux-gnu
configure:1922: checking operating system type
configure:1926: result: Linux
configure:2023: checking for gcc
configure:2039: found /usr/bin/gcc
configure:2050: result: gcc
configure:2288: checking for C compiler version
configure:2295: gcc --version >&5
gcc (Ubuntu 4.8.2-19ubuntu1) 4.8.2
Copyright (C) 2013 Free Software Foundation, Inc.
This is free software; see the source for copying conditions.  There is NO
warranty; not even for MERCHANTABILITY or FITNESS FOR A PARTICULAR PURPOSE.

configure:2298: $? = 0
configure:2305: gcc -v >&5
Using built-in specs.
COLLECT_GCC=gcc
COLLECT_LTO_WRAPPER=/usr/lib/gcc/i686-linux-gnu/4.8/lto-wrapper
Target: i686-linux-gnu
Configured with: ../src/configure -v --with-pkgversion='Ubuntu 4.8.2-19ubuntu1' --with-bugurl=file:///usr/share/doc/gcc-4.8/README.Bugs --enable-languages=c,c++,java,go,d,fortran,objc,obj-c++ --prefix=/usr --program-suffix=-4.8 --enable-shared --enable-linker-build-id --libexecdir=/usr/lib --without-included-gettext --enable-threads=posix --with-gxx-include-dir=/usr/include/c++/4.8 --libdir=/usr/lib --enable-nls --with-sysroot=/ --enable-clocale=gnu --enable-libstdcxx-debug --enable-libstdcxx-time=yes --enable-gnu-unique-object --disable-libmudflap --enable-plugin --with-system-zlib --disable-browser-plugin --enable-java-awt=gtk --enable-gtk-cairo --with-java-home=/usr/lib/jvm/java-1.5.0-gcj-4.8-i386/jre --enable-java-home --with-jvm-root-dir=/usr/lib/jvm/java-1.5.0-gcj-4.8-i386 --with-jvm-jar-dir=/usr/lib/jvm-exports/java-1.5.0-gcj-4.8-i386 --with-arch-directory=i386 --with-ecj-jar=/usr/share/java/eclipse-ecj.jar --enable-objc-gc --enable-targets=all --enable-multiarch --disable-werror --with-arch-32=i686 --with-multilib-list=m32,m64,mx32 --with-tune=generic --enable-checking=release --build=i686-linux-gnu --host=i686-linux-gnu --target=i686-linux-gnu
Thread model: posix
gcc version 4.8.2 (Ubuntu 4.8.2-19ubuntu1) 
configure:2308: $? = 0
configure:2315: gcc -V >&5
gcc: error: unrecognized command line option '-V'
gcc: fatal error: no input files
compilation terminated.
configure:2318: $? = 4
configure:2341: checking for C compiler default output file name
configure:2368: gcc    -DBOOST_DISABLE_THREADS   conftest.c  >&5
configure:2371: $? = 0
configure:2409: result: a.out
configure:2426: checking whether the C compiler works
configure:2436: ./a.out
configure:2439: $? = 0
configure:2456: result: yes
configure:2463: checking whether we are cross compiling
configure:2465: result: no
configure:2468: checking for suffix of executables
configure:2475: gcc -o conftest    -DBOOST_DISABLE_THREADS   conftest.c  >&5
configure:2478: $? = 0
configure:2502: result: 
configure:2508: checking for suffix of object files
configure:2534: gcc -c    -DBOOST_DISABLE_THREADS  conftest.c >&5
configure:2537: $? = 0
configure:2560: result: o
configure:2564: checking whether we are using the GNU C compiler
configure:2593: gcc -c    -DBOOST_DISABLE_THREADS  conftest.c >&5
configure:2599: $? = 0
configure:2616: result: yes
configure:2621: checking whether gcc accepts -g
configure:2651: gcc -c -g  conftest.c >&5
configure:2657: $? = 0
configure:2756: result: yes
configure:2773: checking for gcc option to accept ISO C89
configure:2847: gcc  -c    -DBOOST_DISABLE_THREADS  conftest.c >&5
configure:2853: $? = 0
configure:2876: result: none needed
configure:2952: checking for g++
configure:2968: found /usr/bin/g++
configure:2979: result: g++
configure:3010: checking for C++ compiler version
configure:3017: g++ --version >&5
g++ (Ubuntu 4.8.2-19ubuntu1) 4.8.2
Copyright (C) 2013 Free Software Foundation, Inc.
This is free software; see the source for copying conditions.  There is NO
warranty; not even for MERCHANTABILITY or FITNESS FOR A PARTICULAR PURPOSE.

configure:3020: $? = 0
configure:3027: g++ -v >&5
Using built-in specs.
COLLECT_GCC=g++
COLLECT_LTO_WRAPPER=/usr/lib/gcc/i686-linux-gnu/4.8/lto-wrapper
Target: i686-linux-gnu
Configured with: ../src/configure -v --with-pkgversion='Ubuntu 4.8.2-19ubuntu1' --with-bugurl=file:///usr/share/doc/gcc-4.8/README.Bugs --enable-languages=c,c++,java,go,d,fortran,objc,obj-c++ --prefix=/usr --program-suffix=-4.8 --enable-shared --enable-linker-build-id --libexecdir=/usr/lib --without-included-gettext --enable-threads=posix --with-gxx-include-dir=/usr/include/c++/4.8 --libdir=/usr/lib --enable-nls --with-sysroot=/ --enable-clocale=gnu --enable-libstdcxx-debug --enable-libstdcxx-time=yes --enable-gnu-unique-object --disable-libmudflap --enable-plugin --with-system-zlib --disable-browser-plugin --enable-java-awt=gtk --enable-gtk-cairo --with-java-home=/usr/lib/jvm/java-1.5.0-gcj-4.8-i386/jre --enable-java-home --with-jvm-root-dir=/usr/lib/jvm/java-1.5.0-gcj-4.8-i386 --with-jvm-jar-dir=/usr/lib/jvm-exports/java-1.5.0-gcj-4.8-i386 --with-arch-directory=i386 --with-ecj-jar=/usr/share/java/eclipse-ecj.jar --enable-objc-gc --enable-targets=all --enable-multiarch --disable-werror --with-arch-32=i686 --with-multilib-list=m32,m64,mx32 --with-tune=generic --enable-checking=release --build=i686-linux-gnu --host=i686-linux-gnu --target=i686-linux-gnu
Thread model: posix
gcc version 4.8.2 (Ubuntu 4.8.2-19ubuntu1) 
configure:3030: $? = 0
configure:3037: g++ -V >&5
g++: error: unrecognized command line option '-V'
g++: fatal error: no input files
compilation terminated.
configure:3040: $? = 4
configure:3043: checking whether we are using the GNU C++ compiler
configure:3072: g++ -c   conftest.cpp >&5
configure:3078: $? = 0
configure:3095: result: yes
configure:3100: checking whether g++ accepts -g
configure:3130: g++ -c -g  conftest.cpp >&5
configure:3136: $? = 0
configure:3235: result: yes
configure:3263: checking for flex
configure:3293: result: no
configure:3263: checking for lex
configure:3293: result: no
configure:3467: checking for bison
configure:3497: result: no
configure:3467: checking for byacc
configure:3497: result: no
configure:3549: checking for ranlib
configure:3565: found /usr/bin/ranlib
configure:3576: result: ranlib
configure:3615: checking for a BSD-compatible install
configure:3671: result: /usr/bin/install -c
configure:3684: checking for xml2-config
configure:3702: found /usr/bin/xml2-config
configure:3717: result: /usr/bin/xml2-config
configure:3727: checking for gperf
configure:3763: result: no
configure:3770: checking for makedepend
configure:3806: result: no
configure:3813: checking for ar
configure:3831: found /usr/bin/ar
configure:3846: result: /usr/bin/ar
configure:3856: checking for 
configure:3892: result: no
configure:3912: checking how to run the C++ preprocessor
configure:3948: g++ -E  conftest.cpp
configure:3954: $? = 0
configure:3985: g++ -E  conftest.cpp
conftest.cpp:8:28: fatal error: ac_nonexistent.h: No such file or directory
 #include <ac_nonexistent.h>
                            ^
compilation terminated.
configure:3991: $? = 1
configure: failed program was:
| /* confdefs.h.  */
| #define PACKAGE_NAME "UPPAAL"
| #define PACKAGE_TARNAME "uppaal"
| #define PACKAGE_VERSION "4.1.4 ()"
| #define PACKAGE_STRING "UPPAAL 4.1.4 ()"
| #define PACKAGE_BUGREPORT "bug-uppaal@list.it.uu.se"
| /* end confdefs.h.  */
| #include <ac_nonexistent.h>
configure:4024: result: g++ -E
configure:4053: g++ -E  conftest.cpp
configure:4059: $? = 0
configure:4090: g++ -E  conftest.cpp
conftest.cpp:8:28: fatal error: ac_nonexistent.h: No such file or directory
 #include <ac_nonexistent.h>
                            ^
compilation terminated.
configure:4096: $? = 1
configure: failed program was:
| /* confdefs.h.  */
| #define PACKAGE_NAME "UPPAAL"
| #define PACKAGE_TARNAME "uppaal"
| #define PACKAGE_VERSION "4.1.4 ()"
| #define PACKAGE_STRING "UPPAAL 4.1.4 ()"
| #define PACKAGE_BUGREPORT "bug-uppaal@list.it.uu.se"
| /* end confdefs.h.  */
| #include <ac_nonexistent.h>
configure:4134: checking for grep that handles long lines and -e
configure:4208: result: /bin/grep
configure:4213: checking for egrep
configure:4291: result: /bin/grep -E
configure:4296: checking for ANSI C header files
configure:4326: g++ -c -g -O2  conftest.cpp >&5
configure:4332: $? = 0
configure:4431: g++ -o conftest -g -O2   conftest.cpp  >&5
configure:4434: $? = 0
configure:4440: ./conftest
configure:4443: $? = 0
configure:4460: result: yes
configure:4484: checking for sys/types.h
configure:4505: g++ -c -g -O2  conftest.cpp >&5
configure:4511: $? = 0
configure:4527: result: yes
configure:4484: checking for sys/stat.h
configure:4505: g++ -c -g -O2  conftest.cpp >&5
configure:4511: $? = 0
configure:4527: result: yes
configure:4484: checking for stdlib.h
configure:4505: g++ -c -g -O2  conftest.cpp >&5
configure:4511: $? = 0
configure:4527: result: yes
configure:4484: checking for string.h
configure:4505: g++ -c -g -O2  conftest.cpp >&5
configure:4511: $? = 0
configure:4527: result: yes
configure:4484: checking for memory.h
configure:4505: g++ -c -g -O2  conftest.cpp >&5
configure:4511: $? = 0
configure:4527: result: yes
configure:4484: checking for strings.h
configure:4505: g++ -c -g -O2  conftest.cpp >&5
configure:4511: $? = 0
configure:4527: result: yes
configure:4484: checking for inttypes.h
configure:4505: g++ -c -g -O2  conftest.cpp >&5
configure:4511: $? = 0
configure:4527: result: yes
configure:4484: checking for stdint.h
configure:4505: g++ -c -g -O2  conftest.cpp >&5
configure:4511: $? = 0
configure:4527: result: yes
configure:4484: checking for unistd.h
configure:4505: g++ -c -g -O2  conftest.cpp >&5
configure:4511: $? = 0
configure:4527: result: yes
configure:4551: checking for stdint.h
configure:4557: result: yes
configure:4551: checking for inttypes.h
configure:4557: result: yes
configure:4551: checking for unistd.h
configure:4557: result: yes
configure:4561: checking errno.h usability
configure:4578: g++ -c -g -O2  conftest.cpp >&5
configure:4584: $? = 0
configure:4598: result: yes
configure:4602: checking errno.h presence
configure:4617: g++ -E  conftest.cpp
configure:4623: $? = 0
configure:4637: result: yes
configure:4670: checking for errno.h
configure:4678: result: yes
configure:4551: checking for memory.h
configure:4557: result: yes
configure:4551: checking for string.h
configure:4557: result: yes
configure:4551: checking for strings.h
configure:4557: result: yes
configure:4561: checking sys/wait.h usability
configure:4578: g++ -c -g -O2  conftest.cpp >&5
configure:4584: $? = 0
configure:4598: result: yes
configure:4602: checking sys/wait.h presence
configure:4617: g++ -E  conftest.cpp
configure:4623: $? = 0
configure:4637: result: yes
configure:4670: checking for sys/wait.h
configure:4678: result: yes
configure:4709: checking ext/slist usability
configure:4726: g++ -c -g -O2  conftest.cpp >&5
configure:4732: $? = 0
configure:4746: result: yes
configure:4750: checking ext/slist presence
configure:4765: g++ -E  conftest.cpp
configure:4771: $? = 0
configure:4785: result: yes
configure:4818: checking for ext/slist
configure:4826: result: yes
configure:4709: checking slist usability
configure:4726: g++ -c -g -O2  conftest.cpp >&5
conftest.cpp:60:17: fatal error: slist: No such file or directory
 #include <slist>
                 ^
compilation terminated.
configure:4732: $? = 1
configure: failed program was:
| /* confdefs.h.  */
| #define PACKAGE_NAME "UPPAAL"
| #define PACKAGE_TARNAME "uppaal"
| #define PACKAGE_VERSION "4.1.4 ()"
| #define PACKAGE_STRING "UPPAAL 4.1.4 ()"
| #define PACKAGE_BUGREPORT "bug-uppaal@list.it.uu.se"
| #define STDC_HEADERS 1
| #define HAVE_SYS_TYPES_H 1
| #define HAVE_SYS_STAT_H 1
| #define HAVE_STDLIB_H 1
| #define HAVE_STRING_H 1
| #define HAVE_MEMORY_H 1
| #define HAVE_STRINGS_H 1
| #define HAVE_INTTYPES_H 1
| #define HAVE_STDINT_H 1
| #define HAVE_UNISTD_H 1
| #define HAVE_STDINT_H 1
| #define HAVE_INTTYPES_H 1
| #define HAVE_UNISTD_H 1
| #define HAVE_ERRNO_H 1
| #define HAVE_MEMORY_H 1
| #define HAVE_STRING_H 1
| #define HAVE_STRINGS_H 1
| #define HAVE_SYS_WAIT_H 1
| #define HAVE_EXT_SLIST 1
| /* end confdefs.h.  */
| #include <stdio.h>
| #ifdef HAVE_SYS_TYPES_H
| # include <sys/types.h>
| #endif
| #ifdef HAVE_SYS_STAT_H
| # include <sys/stat.h>
| #endif
| #ifdef STDC_HEADERS
| # include <stdlib.h>
| # include <stddef.h>
| #else
| # ifdef HAVE_STDLIB_H
| #  include <stdlib.h>
| # endif
| #endif
| #ifdef HAVE_STRING_H
| # if !defined STDC_HEADERS && defined HAVE_MEMORY_H
| #  include <memory.h>
| # endif
| # include <string.h>
| #endif
| #ifdef HAVE_STRINGS_H
| # include <strings.h>
| #endif
| #ifdef HAVE_INTTYPES_H
| # include <inttypes.h>
| #endif
| #ifdef HAVE_STDINT_H
| # include <stdint.h>
| #endif
| #ifdef HAVE_UNISTD_H
| # include <unistd.h>
| #endif
| #include <slist>
configure:4746: result: no
configure:4750: checking slist presence
configure:4765: g++ -E  conftest.cpp
conftest.cpp:27:17: fatal error: slist: No such file or directory
 #include <slist>
                 ^
compilation terminated.
configure:4771: $? = 1
configure: failed program was:
| /* confdefs.h.  */
| #define PACKAGE_NAME "UPPAAL"
| #define PACKAGE_TARNAME "uppaal"
| #define PACKAGE_VERSION "4.1.4 ()"
| #define PACKAGE_STRING "UPPAAL 4.1.4 ()"
| #define PACKAGE_BUGREPORT "bug-uppaal@list.it.uu.se"
| #define STDC_HEADERS 1
| #define HAVE_SYS_TYPES_H 1
| #define HAVE_SYS_STAT_H 1
| #define HAVE_STDLIB_H 1
| #define HAVE_STRING_H 1
| #define HAVE_MEMORY_H 1
| #define HAVE_STRINGS_H 1
| #define HAVE_INTTYPES_H 1
| #define HAVE_STDINT_H 1
| #define HAVE_UNISTD_H 1
| #define HAVE_STDINT_H 1
| #define HAVE_INTTYPES_H 1
| #define HAVE_UNISTD_H 1
| #define HAVE_ERRNO_H 1
| #define HAVE_MEMORY_H 1
| #define HAVE_STRING_H 1
| #define HAVE_STRINGS_H 1
| #define HAVE_SYS_WAIT_H 1
| #define HAVE_EXT_SLIST 1
| /* end confdefs.h.  */
| #include <slist>
configure:4785: result: no
configure:4818: checking for slist
configure:4826: result: no
configure:4709: checking sstream usability
configure:4726: g++ -c -g -O2  conftest.cpp >&5
configure:4732: $? = 0
configure:4746: result: yes
configure:4750: checking sstream presence
configure:4765: g++ -E  conftest.cpp
configure:4771: $? = 0
configure:4785: result: yes
configure:4818: checking for sstream
configure:4826: result: yes
configure:4709: checking strstream usability
configure:4726: g++ -c -g -O2  conftest.cpp >&5
In file included from /usr/include/c++/4.8/backward/strstream:51:0,
                 from conftest.cpp:61:
/usr/include/c++/4.8/backward/backward_warning.h:32:2: warning: #warning This file includes at least one deprecated or antiquated header which may be removed without further notice at a future date. Please use a non-deprecated interface with equivalent functionality instead. For a listing of replacement headers and interfaces, consult the file backward_warning.h. To disable this warning use -Wno-deprecated. [-Wcpp]
 #warning \
  ^
configure:4732: $? = 0
configure:4746: result: yes
configure:4750: checking strstream presence
configure:4765: g++ -E  conftest.cpp
In file included from /usr/include/c++/4.8/backward/strstream:51:0,
                 from conftest.cpp:28:
/usr/include/c++/4.8/backward/backward_warning.h:32:2: warning: #warning This file includes at least one deprecated or antiquated header which may be removed without further notice at a future date. Please use a non-deprecated interface with equivalent functionality instead. For a listing of replacement headers and interfaces, consult the file backward_warning.h. To disable this warning use -Wno-deprecated. [-Wcpp]
 #warning \
  ^
configure:4771: $? = 0
configure:4785: result: yes
configure:4818: checking for strstream
configure:4826: result: yes
configure:4856: checking boost/bind.hpp usability
configure:4873: g++ -c -g -O2  conftest.cpp >&5
configure:4879: $? = 0
configure:4893: result: yes
configure:4897: checking boost/bind.hpp presence
configure:4912: g++ -E  conftest.cpp
configure:4918: $? = 0
configure:4932: result: yes
configure:4965: checking for boost/bind.hpp
configure:4973: result: yes
configure:4856: checking boost/lambda/lambda.hpp usability
configure:4873: g++ -c -g -O2  conftest.cpp >&5
configure:4879: $? = 0
configure:4893: result: yes
configure:4897: checking boost/lambda/lambda.hpp presence
configure:4912: g++ -E  conftest.cpp
configure:4918: $? = 0
configure:4932: result: yes
configure:4965: checking for boost/lambda/lambda.hpp
configure:4973: result: yes
configure:4856: checking boost/lambda/bind.hpp usability
configure:4873: g++ -c -g -O2  conftest.cpp >&5
configure:4879: $? = 0
configure:4893: result: yes
configure:4897: checking boost/lambda/bind.hpp presence
configure:4912: g++ -E  conftest.cpp
configure:4918: $? = 0
configure:4932: result: yes
configure:4965: checking for boost/lambda/bind.hpp
configure:4973: result: yes
configure:4996: checking for slist
configure:5001: result: no
configure:5134: checking for ext/slist
configure:5139: result: yes
configure:5270: checking slist namespace
configure:5288: g++ -c -g -O2  conftest.cpp >&5
configure:5291: $? = 0
configure:5305: result: __gnu_cxx
configure:5325: checking flavour of std::streambuf
configure:5348: g++ -c -g -O2  conftest.cpp >&5
In file included from /usr/include/c++/4.8/ios:43:0,
                 from /usr/include/c++/4.8/ostream:38,
                 from /usr/include/c++/4.8/iostream:39,
                 from conftest.cpp:1:
/usr/include/c++/4.8/streambuf: In member function 'void Test::test(std::streambuf*)':
/usr/include/c++/4.8/streambuf:627:7: error: 'int std::basic_streambuf<_CharT, _Traits>::sync() [with _CharT = char; _Traits = std::char_traits<char>]' is protected
       sync() { return 0; }
       ^
conftest.cpp:6:43: error: within this context
    void test(std::streambuf *a) { a->sync(); }
                                           ^
configure:5351: $? = 1
configure:5365: result: new
configure:5447: checking for an ANSI C-conforming const
configure:5522: g++ -c -g -O2  conftest.cpp >&5
configure:5528: $? = 0
configure:5543: result: yes
configure:5554: checking whether char is unsigned
configure:5582: g++ -c -g -O2  conftest.cpp >&5
configure:5588: $? = 0
configure:5603: result: no
configure:5619: checking for index
configure:5675: g++ -o conftest -g -O2   conftest.cpp  >&5
configure:5681: $? = 0
configure:5699: result: yes
configure:5812: creating ./config.status

## ---------------------- ##
## Running config.status. ##
## ---------------------- ##

This file was extended by UPPAAL config.status 4.1.4 (), which was
generated by GNU Autoconf 2.61.  Invocation command line was

  CONFIG_FILES    = 
  CONFIG_HEADERS  = 
  CONFIG_LINKS    = 
  CONFIG_COMMANDS = 
  $ ./config.status 

on srinivas

config.status:653: creating makefile
config.status:653: creating .config
config.status:653: creating udbm-config
config.status:653: creating base/Makefile
config.status:653: creating base/tests/Makefile
config.status:653: creating dbm/Makefile
config.status:653: creating dbm/tests/Makefile
config.status:653: creating debug/Makefile
config.status:653: creating debug/tests/Makefile
config.status:653: creating hash/Makefile
config.status:653: creating hash/tests/Makefile
config.status:653: creating io/Makefile
config.status:653: creating io/tests/Makefile
config.status:653: creating include/config.h
config.status:895: include/config.h is unchanged
config.status:912: linking ./../scripts to .scripts
config.status:934: executing lib commands

## ---------------- ##
## Cache variables. ##
## ---------------- ##

ac_cv_build=i686-pc-linux-gnu
ac_cv_c_char_unsigned=no
ac_cv_c_compiler_gnu=yes
ac_cv_c_const=yes
ac_cv_cxx_compiler_gnu=yes
ac_cv_env_CCC_set=
ac_cv_env_CCC_value=
ac_cv_env_CC_set=
ac_cv_env_CC_value=
ac_cv_env_CFLAGS_set=
ac_cv_env_CFLAGS_value=
ac_cv_env_CPPFLAGS_set=
ac_cv_env_CPPFLAGS_value=
ac_cv_env_CXXCPP_set=
ac_cv_env_CXXCPP_value=
ac_cv_env_CXXFLAGS_set=
ac_cv_env_CXXFLAGS_value=
ac_cv_env_CXX_set=
ac_cv_env_CXX_value=
ac_cv_env_LDFLAGS_set=
ac_cv_env_LDFLAGS_value=
ac_cv_env_LIBS_set=
ac_cv_env_LIBS_value=
ac_cv_env_YACC_set=
ac_cv_env_YACC_value=
ac_cv_env_YFLAGS_set=
ac_cv_env_YFLAGS_value=
ac_cv_env_build_alias_set=
ac_cv_env_build_alias_value=
ac_cv_env_host_alias_set=
ac_cv_env_host_alias_value=
ac_cv_env_target_alias_set=
ac_cv_env_target_alias_value=
ac_cv_func_index=yes
ac_cv_header_boost_bind_hpp=yes
ac_cv_header_boost_lambda_bind_hpp=yes
ac_cv_header_boost_lambda_lambda_hpp=yes
ac_cv_header_errno_h=yes
ac_cv_header_ext_slist=yes
ac_cv_header_inttypes_h=yes
ac_cv_header_memory_h=yes
ac_cv_header_slist=no
ac_cv_header_sstream=yes
ac_cv_header_stdc=yes
ac_cv_header_stdint_h=yes
ac_cv_header_stdlib_h=yes
ac_cv_header_string_h=yes
ac_cv_header_strings_h=yes
ac_cv_header_strstream=yes
ac_cv_header_sys_stat_h=yes
ac_cv_header_sys_types_h=yes
ac_cv_header_sys_wait_h=yes
ac_cv_header_unistd_h=yes
ac_cv_host=i686-pc-linux-gnu
ac_cv_objext=o
ac_cv_path_AR=/usr/bin/ar
ac_cv_path_EGREP='/bin/grep -E'
ac_cv_path_GREP=/bin/grep
ac_cv_path_XML_CONFIG=/usr/bin/xml2-config
ac_cv_path_install='/usr/bin/install -c'
ac_cv_prog_CXXCPP='g++ -E'
ac_cv_prog_ac_ct_CC=gcc
ac_cv_prog_ac_ct_CXX=g++
ac_cv_prog_ac_ct_RANLIB=ranlib
ac_cv_prog_cc_c89=
ac_cv_prog_cc_g=yes
ac_cv_prog_cxx_g=yes
ac_cv_target=i686-pc-linux-gnu
ua_cv_cxx_slist_namespace=__gnu_cxx
ua_cv_cxx_streambuf=new

## ----------------- ##
## Output variables. ##
## ----------------- ##

AR='/usr/bin/ar'
CC='gcc'
CFLAGS='   -DBOOST_DISABLE_THREADS'
CPPFLAGS=''
CXX='g++'
CXXCPP='g++ -E'
CXXFLAGS='-g -O2'
DBM_VERSION='2.0.8'
DEFS='-DHAVE_CONFIG_H'
ECHO_C=''
ECHO_N='-n'
ECHO_T=''
EGREP='/bin/grep -E'
EXEEXT=''
EXTRALIBS=''
GPERF=''
GREP='/bin/grep'
INSTALL_DATA='${INSTALL} -m 644'
INSTALL_PROGRAM='${INSTALL}'
INSTALL_SCRIPT='${INSTALL}'
LDFLAGS=''
LEX=':'
LEXLIB=''
LEX_OUTPUT_ROOT=''
LIBOBJS=''
LIBS=''
LINKFLAGS=''
LTLIBOBJS=''
MAKEDEP=''
MODULE_LIBS=' base.lib dbm.lib debug.lib hash.lib io.lib'
OBJEXT='o'
OS='Linux'
PACKAGE_BUGREPORT='bug-uppaal@list.it.uu.se'
PACKAGE_NAME='UPPAAL'
PACKAGE_STRING='UPPAAL 4.1.4 ()'
PACKAGE_TARNAME='uppaal'
PACKAGE_VERSION='4.1.4 ()'
PATH_SEPARATOR=':'
RANLIB='ranlib'
SHELL='/bin/bash'
STRIP=''
TIGA_VERSION='4.1.4-0.16 ()'
XMLSTATIC=''
XML_CONFIG='/usr/bin/xml2-config'
YACC='yacc'
YFLAGS=''
ac_ct_CC='gcc'
ac_ct_CXX='g++'
bindir='${exec_prefix}/bin'
build='i686-pc-linux-gnu'
build_alias=''
build_cpu='i686'
build_os='linux-gnu'
build_vendor='pc'
datadir='${datarootdir}'
datarootdir='${prefix}/share'
docdir='${datarootdir}/doc/${PACKAGE_TARNAME}'
dvidir='${docdir}'
exec_prefix='${prefix}'
host='i686-pc-linux-gnu'
host_alias=''
host_cpu='i686'
host_os='linux-gnu'
host_vendor='pc'
htmldir='${docdir}'
includedir='${prefix}/include'
infodir='${datarootdir}/info'
libdir='${exec_prefix}/lib'
libexecdir='${exec_prefix}/libexec'
localedir='${datarootdir}/locale'
localstatedir='${prefix}/var'
mandir='${datarootdir}/man'
oldincludedir='/usr/include'
pdfdir='${docdir}'
prefix='/usr/local'
program_transform_name='s,x,x,'
psdir='${docdir}'
sbindir='${exec_prefix}/sbin'
sharedstatedir='${prefix}/com'
sysconfdir='${prefix}/etc'
target='i686-pc-linux-gnu'
target_alias=''
target_cpu='i686'
target_os='linux-gnu'
target_vendor='pc'

## ----------- ##
## confdefs.h. ##
## ----------- ##

#define PACKAGE_NAME "UPPAAL"
#define PACKAGE_TARNAME "uppaal"
#define PACKAGE_VERSION "4.1.4 ()"
#define PACKAGE_STRING "UPPAAL 4.1.4 ()"
#define PACKAGE_BUGREPORT "bug-uppaal@list.it.uu.se"
#define STDC_HEADERS 1
#define HAVE_SYS_TYPES_H 1
#define HAVE_SYS_STAT_H 1
#define HAVE_STDLIB_H 1
#define HAVE_STRING_H 1
#define HAVE_MEMORY_H 1
#define HAVE_STRINGS_H 1
#define HAVE_INTTYPES_H 1
#define HAVE_STDINT_H 1
#define HAVE_UNISTD_H 1
#define HAVE_STDINT_H 1
#define HAVE_INTTYPES_H 1
#define HAVE_UNISTD_H 1
#define HAVE_ERRNO_H 1
#define HAVE_MEMORY_H 1
#define HAVE_STRING_H 1
#define HAVE_STRINGS_H 1
#define HAVE_SYS_WAIT_H 1
#define HAVE_EXT_SLIST 1
#define HAVE_SSTREAM 1
#define HAVE_STRSTREAM 1
#define HAVE_BOOST_BIND_HPP 1
#define HAVE_BOOST_LAMBDA_LAMBDA_HPP 1
#define HAVE_BOOST_LAMBDA_BIND_HPP 1
#define HAVE_EXT_SLIST 1
#define CXX_SLIST_NAMESPACE __gnu_cxx
#define INTEL_ARCH 1
#define COMPILER_STRING "Compiled with g++-4.8    -DBOOST_DISABLE_THREADS"
#define VERSION "4.1.4 ()"
#define PACKAGE_MONTH "April"
#define PACKAGE_YEAR "2011"
#define TIGA_VERSION "4.1.4-0.16 ()"
#define DBM_VERSION "2.0.8"
#define HAVE_INDEX 1

configure: exit 0
